2024-08-20 15:59:32,482 ERROR 7392 [-/127.0.0.1/-/6ms GET /user/create?name=1&idcard=1] nodejs.TypeError: Cannot read properties of undefined (reading 'create')
    at UserController.create (D:\nodepj\eggpj\app\controller\user.js:8:45)
    at Object.callFn (D:\nodepj\eggpj\node_modules\egg-core\lib\utils\index.js:44:21)
    at Object.classControllerMiddleware (D:\nodepj\eggpj\node_modules\egg-core\lib\loader\mixin\controller.js:87:20)
    at Object.callFn (D:\nodepj\eggpj\node_modules\@eggjs\router\lib\utils.js:12:21)
    at wrappedController (D:\nodepj\eggpj\node_modules\@eggjs\router\lib\egg_router.js:322:18)
    at dispatch (D:\nodepj\eggpj\node_modules\@eggjs\router\node_modules\koa-compose\index.js:44:32)
    at next (D:\nodepj\eggpj\node_modules\@eggjs\router\node_modules\koa-compose\index.js:45:18)
    at D:\nodepj\eggpj\node_modules\@eggjs\router\lib\router.js:186:18
    at dispatch (D:\nodepj\eggpj\node_modules\@eggjs\router\node_modules\koa-compose\index.js:44:32)
    at D:\nodepj\eggpj\node_modules\@eggjs\router\node_modules\koa-compose\index.js:36:12

pid: 7392
hostname: shenxi-wkpc

2024-08-20 16:06:02,352 ERROR 3740 [-/127.0.0.1/-/7ms GET /user/create?name=1&idcard=1] nodejs.TypeError: Cannot read properties of undefined (reading 'create')
    at UserController.create (D:\nodepj\eggpj\app\controller\user.js:8:45)
    at Object.callFn (D:\nodepj\eggpj\node_modules\egg-core\lib\utils\index.js:44:21)
    at Object.classControllerMiddleware (D:\nodepj\eggpj\node_modules\egg-core\lib\loader\mixin\controller.js:87:20)
    at Object.callFn (D:\nodepj\eggpj\node_modules\@eggjs\router\lib\utils.js:12:21)
    at wrappedController (D:\nodepj\eggpj\node_modules\@eggjs\router\lib\egg_router.js:322:18)
    at dispatch (D:\nodepj\eggpj\node_modules\@eggjs\router\node_modules\koa-compose\index.js:44:32)
    at next (D:\nodepj\eggpj\node_modules\@eggjs\router\node_modules\koa-compose\index.js:45:18)
    at D:\nodepj\eggpj\node_modules\@eggjs\router\lib\router.js:186:18
    at dispatch (D:\nodepj\eggpj\node_modules\@eggjs\router\node_modules\koa-compose\index.js:44:32)
    at D:\nodepj\eggpj\node_modules\@eggjs\router\node_modules\koa-compose\index.js:36:12

pid: 3740
hostname: shenxi-wkpc

2024-08-20 16:10:43,624 ERROR 12580 [-/127.0.0.1/-/19ms POST /user/create] nodejs.TypeError: Cannot read properties of undefined (reading 'create')
    at UserController.create (D:\nodepj\eggpj\app\controller\user.js:8:45)
    at Object.callFn (D:\nodepj\eggpj\node_modules\egg-core\lib\utils\index.js:44:21)
    at Object.classControllerMiddleware (D:\nodepj\eggpj\node_modules\egg-core\lib\loader\mixin\controller.js:87:20)
    at Object.callFn (D:\nodepj\eggpj\node_modules\@eggjs\router\lib\utils.js:12:21)
    at wrappedController (D:\nodepj\eggpj\node_modules\@eggjs\router\lib\egg_router.js:322:18)
    at dispatch (D:\nodepj\eggpj\node_modules\@eggjs\router\node_modules\koa-compose\index.js:44:32)
    at next (D:\nodepj\eggpj\node_modules\@eggjs\router\node_modules\koa-compose\index.js:45:18)
    at D:\nodepj\eggpj\node_modules\@eggjs\router\lib\router.js:186:18
    at dispatch (D:\nodepj\eggpj\node_modules\@eggjs\router\node_modules\koa-compose\index.js:44:32)
    at D:\nodepj\eggpj\node_modules\@eggjs\router\node_modules\koa-compose\index.js:36:12

pid: 12580
hostname: shenxi-wkpc

2024-08-20 16:11:14,426 ERROR 12580 [-/127.0.0.1/-/3ms POST /user/create] nodejs.TypeError: Cannot read properties of undefined (reading 'create')
    at UserController.create (D:\nodepj\eggpj\app\controller\user.js:8:45)
    at Object.callFn (D:\nodepj\eggpj\node_modules\egg-core\lib\utils\index.js:44:21)
    at Object.classControllerMiddleware (D:\nodepj\eggpj\node_modules\egg-core\lib\loader\mixin\controller.js:87:20)
    at Object.callFn (D:\nodepj\eggpj\node_modules\@eggjs\router\lib\utils.js:12:21)
    at wrappedController (D:\nodepj\eggpj\node_modules\@eggjs\router\lib\egg_router.js:322:18)
    at dispatch (D:\nodepj\eggpj\node_modules\@eggjs\router\node_modules\koa-compose\index.js:44:32)
    at next (D:\nodepj\eggpj\node_modules\@eggjs\router\node_modules\koa-compose\index.js:45:18)
    at D:\nodepj\eggpj\node_modules\@eggjs\router\lib\router.js:186:18
    at dispatch (D:\nodepj\eggpj\node_modules\@eggjs\router\node_modules\koa-compose\index.js:44:32)
    at D:\nodepj\eggpj\node_modules\@eggjs\router\node_modules\koa-compose\index.js:36:12

pid: 12580
hostname: shenxi-wkpc

2024-08-20 16:18:56,965 ERROR 10776 [-/127.0.0.1/-/18ms POST /user/create] nodejs.ReferenceError: UserService is not defined
    at UserController.create (D:\nodepj\eggpj\app\controller\user.js:9:27)
    at Object.callFn (D:\nodepj\eggpj\node_modules\egg-core\lib\utils\index.js:44:21)
    at Object.classControllerMiddleware (D:\nodepj\eggpj\node_modules\egg-core\lib\loader\mixin\controller.js:87:20)
    at Object.callFn (D:\nodepj\eggpj\node_modules\@eggjs\router\lib\utils.js:12:21)
    at wrappedController (D:\nodepj\eggpj\node_modules\@eggjs\router\lib\egg_router.js:322:18)
    at dispatch (D:\nodepj\eggpj\node_modules\@eggjs\router\node_modules\koa-compose\index.js:44:32)
    at next (D:\nodepj\eggpj\node_modules\@eggjs\router\node_modules\koa-compose\index.js:45:18)
    at D:\nodepj\eggpj\node_modules\@eggjs\router\lib\router.js:186:18
    at dispatch (D:\nodepj\eggpj\node_modules\@eggjs\router\node_modules\koa-compose\index.js:44:32)
    at D:\nodepj\eggpj\node_modules\@eggjs\router\node_modules\koa-compose\index.js:36:12

pid: 10776
hostname: shenxi-wkpc

2024-08-20 16:19:20,446 ERROR 9368 [-/127.0.0.1/-/20ms POST /user/create] nodejs.TypeError: db.insert(...).into is not a function
    at UserService.create (D:\nodepj\eggpj\app\service\user.js:10:48)
    at UserController.create (D:\nodepj\eggpj\app\controller\user.js:13:40)
    at Object.callFn (D:\nodepj\eggpj\node_modules\egg-core\lib\utils\index.js:44:21)
    at Object.classControllerMiddleware (D:\nodepj\eggpj\node_modules\egg-core\lib\loader\mixin\controller.js:87:20)
    at Object.callFn (D:\nodepj\eggpj\node_modules\@eggjs\router\lib\utils.js:12:21)
    at wrappedController (D:\nodepj\eggpj\node_modules\@eggjs\router\lib\egg_router.js:322:18)
    at dispatch (D:\nodepj\eggpj\node_modules\@eggjs\router\node_modules\koa-compose\index.js:44:32)
    at next (D:\nodepj\eggpj\node_modules\@eggjs\router\node_modules\koa-compose\index.js:45:18)
    at D:\nodepj\eggpj\node_modules\@eggjs\router\lib\router.js:186:18
    at dispatch (D:\nodepj\eggpj\node_modules\@eggjs\router\node_modules\koa-compose\index.js:44:32)

pid: 9368
hostname: shenxi-wkpc

2024-08-20 16:19:20,477 ERROR 9368 [-/127.0.0.1/-/52ms POST /user/create] nodejs.TypeError: Cannot convert undefined or null to object
    at Function.keys (<anonymous>)
    at RDSClient.insert (D:\nodepj\eggpj\node_modules\ali-rds\lib\operator.js:145:37)
    at UserService.create (D:\nodepj\eggpj\app\service\user.js:10:33)
    at UserController.create (D:\nodepj\eggpj\app\controller\user.js:13:40)
    at Object.callFn (D:\nodepj\eggpj\node_modules\egg-core\lib\utils\index.js:44:21)
    at Object.classControllerMiddleware (D:\nodepj\eggpj\node_modules\egg-core\lib\loader\mixin\controller.js:87:20)
    at Object.callFn (D:\nodepj\eggpj\node_modules\@eggjs\router\lib\utils.js:12:21)
    at wrappedController (D:\nodepj\eggpj\node_modules\@eggjs\router\lib\egg_router.js:322:18)
    at dispatch (D:\nodepj\eggpj\node_modules\@eggjs\router\node_modules\koa-compose\index.js:44:32)
    at next (D:\nodepj\eggpj\node_modules\@eggjs\router\node_modules\koa-compose\index.js:45:18)

pid: 9368
hostname: shenxi-wkpc

2024-08-20 16:20:23,623 ERROR 9368 [-/127.0.0.1/-/1ms GET /user/create?name=1&idcard=1] nodejs.TypeError: db.insert(...).into is not a function
    at UserService.create (D:\nodepj\eggpj\app\service\user.js:10:48)
    at UserController.create (D:\nodepj\eggpj\app\controller\user.js:13:40)
    at Object.callFn (D:\nodepj\eggpj\node_modules\egg-core\lib\utils\index.js:44:21)
    at Object.classControllerMiddleware (D:\nodepj\eggpj\node_modules\egg-core\lib\loader\mixin\controller.js:87:20)
    at Object.callFn (D:\nodepj\eggpj\node_modules\@eggjs\router\lib\utils.js:12:21)
    at wrappedController (D:\nodepj\eggpj\node_modules\@eggjs\router\lib\egg_router.js:322:18)
    at dispatch (D:\nodepj\eggpj\node_modules\@eggjs\router\node_modules\koa-compose\index.js:44:32)
    at next (D:\nodepj\eggpj\node_modules\@eggjs\router\node_modules\koa-compose\index.js:45:18)
    at D:\nodepj\eggpj\node_modules\@eggjs\router\lib\router.js:186:18
    at dispatch (D:\nodepj\eggpj\node_modules\@eggjs\router\node_modules\koa-compose\index.js:44:32)

pid: 9368
hostname: shenxi-wkpc

2024-08-20 16:20:23,635 ERROR 9368 [-/127.0.0.1/-/13ms GET /user/create?name=1&idcard=1] nodejs.TypeError: Cannot convert undefined or null to object
    at Function.keys (<anonymous>)
    at RDSClient.insert (D:\nodepj\eggpj\node_modules\ali-rds\lib\operator.js:145:37)
    at UserService.create (D:\nodepj\eggpj\app\service\user.js:10:33)
    at UserController.create (D:\nodepj\eggpj\app\controller\user.js:13:40)
    at Object.callFn (D:\nodepj\eggpj\node_modules\egg-core\lib\utils\index.js:44:21)
    at Object.classControllerMiddleware (D:\nodepj\eggpj\node_modules\egg-core\lib\loader\mixin\controller.js:87:20)
    at Object.callFn (D:\nodepj\eggpj\node_modules\@eggjs\router\lib\utils.js:12:21)
    at wrappedController (D:\nodepj\eggpj\node_modules\@eggjs\router\lib\egg_router.js:322:18)
    at dispatch (D:\nodepj\eggpj\node_modules\@eggjs\router\node_modules\koa-compose\index.js:44:32)
    at next (D:\nodepj\eggpj\node_modules\@eggjs\router\node_modules\koa-compose\index.js:45:18)

pid: 9368
hostname: shenxi-wkpc

2024-08-20 16:31:01,377 ERROR 20648 [-/127.0.0.1/-/19ms POST /user/create] nodejs.TypeError: db.insert(...).values is not a function
    at UserService.create (D:\nodepj\eggpj\app\service\user.js:10:48)
    at UserController.create (D:\nodepj\eggpj\app\controller\user.js:13:40)
    at Object.callFn (D:\nodepj\eggpj\node_modules\egg-core\lib\utils\index.js:44:21)
    at Object.classControllerMiddleware (D:\nodepj\eggpj\node_modules\egg-core\lib\loader\mixin\controller.js:87:20)
    at Object.callFn (D:\nodepj\eggpj\node_modules\@eggjs\router\lib\utils.js:12:21)
    at wrappedController (D:\nodepj\eggpj\node_modules\@eggjs\router\lib\egg_router.js:322:18)
    at dispatch (D:\nodepj\eggpj\node_modules\@eggjs\router\node_modules\koa-compose\index.js:44:32)
    at next (D:\nodepj\eggpj\node_modules\@eggjs\router\node_modules\koa-compose\index.js:45:18)
    at D:\nodepj\eggpj\node_modules\@eggjs\router\lib\router.js:186:18
    at dispatch (D:\nodepj\eggpj\node_modules\@eggjs\router\node_modules\koa-compose\index.js:44:32)

pid: 20648
hostname: shenxi-wkpc

2024-08-20 16:31:01,411 ERROR 20648 [-/127.0.0.1/-/53ms POST /user/create] nodejs.TypeError: Cannot convert undefined or null to object
    at Function.keys (<anonymous>)
    at RDSClient.insert (D:\nodepj\eggpj\node_modules\ali-rds\lib\operator.js:145:37)
    at UserService.create (D:\nodepj\eggpj\app\service\user.js:10:33)
    at UserController.create (D:\nodepj\eggpj\app\controller\user.js:13:40)
    at Object.callFn (D:\nodepj\eggpj\node_modules\egg-core\lib\utils\index.js:44:21)
    at Object.classControllerMiddleware (D:\nodepj\eggpj\node_modules\egg-core\lib\loader\mixin\controller.js:87:20)
    at Object.callFn (D:\nodepj\eggpj\node_modules\@eggjs\router\lib\utils.js:12:21)
    at wrappedController (D:\nodepj\eggpj\node_modules\@eggjs\router\lib\egg_router.js:322:18)
    at dispatch (D:\nodepj\eggpj\node_modules\@eggjs\router\node_modules\koa-compose\index.js:44:32)
    at next (D:\nodepj\eggpj\node_modules\@eggjs\router\node_modules\koa-compose\index.js:45:18)

pid: 20648
hostname: shenxi-wkpc

2024-08-20 16:31:28,094 ERROR 16920 [-/127.0.0.1/-/19ms POST /user/create] nodejs.TypeError: db.insert(...).into is not a function
    at UserService.create (D:\nodepj\eggpj\app\service\user.js:10:48)
    at UserController.create (D:\nodepj\eggpj\app\controller\user.js:13:40)
    at Object.callFn (D:\nodepj\eggpj\node_modules\egg-core\lib\utils\index.js:44:21)
    at Object.classControllerMiddleware (D:\nodepj\eggpj\node_modules\egg-core\lib\loader\mixin\controller.js:87:20)
    at Object.callFn (D:\nodepj\eggpj\node_modules\@eggjs\router\lib\utils.js:12:21)
    at wrappedController (D:\nodepj\eggpj\node_modules\@eggjs\router\lib\egg_router.js:322:18)
    at dispatch (D:\nodepj\eggpj\node_modules\@eggjs\router\node_modules\koa-compose\index.js:44:32)
    at next (D:\nodepj\eggpj\node_modules\@eggjs\router\node_modules\koa-compose\index.js:45:18)
    at D:\nodepj\eggpj\node_modules\@eggjs\router\lib\router.js:186:18
    at dispatch (D:\nodepj\eggpj\node_modules\@eggjs\router\node_modules\koa-compose\index.js:44:32)

pid: 16920
hostname: shenxi-wkpc

2024-08-20 16:31:28,141 ERROR 16920 [-/127.0.0.1/-/66ms POST /user/create] nodejs.TypeError: Cannot convert undefined or null to object
    at Function.keys (<anonymous>)
    at RDSClient.insert (D:\nodepj\eggpj\node_modules\ali-rds\lib\operator.js:145:37)
    at UserService.create (D:\nodepj\eggpj\app\service\user.js:10:33)
    at UserController.create (D:\nodepj\eggpj\app\controller\user.js:13:40)
    at Object.callFn (D:\nodepj\eggpj\node_modules\egg-core\lib\utils\index.js:44:21)
    at Object.classControllerMiddleware (D:\nodepj\eggpj\node_modules\egg-core\lib\loader\mixin\controller.js:87:20)
    at Object.callFn (D:\nodepj\eggpj\node_modules\@eggjs\router\lib\utils.js:12:21)
    at wrappedController (D:\nodepj\eggpj\node_modules\@eggjs\router\lib\egg_router.js:322:18)
    at dispatch (D:\nodepj\eggpj\node_modules\@eggjs\router\node_modules\koa-compose\index.js:44:32)
    at next (D:\nodepj\eggpj\node_modules\@eggjs\router\node_modules\koa-compose\index.js:45:18)

pid: 16920
hostname: shenxi-wkpc

2024-08-20 16:36:39,440 ERROR 26280 [-/127.0.0.1/-/19ms POST /user/create] nodejs.TypeError: Cannot read properties of undefined (reading 'User')
    at UserController.create (D:\nodepj\eggpj\app\controller\user.js:13:38)
    at Object.callFn (D:\nodepj\eggpj\node_modules\egg-core\lib\utils\index.js:44:21)
    at Object.classControllerMiddleware (D:\nodepj\eggpj\node_modules\egg-core\lib\loader\mixin\controller.js:87:20)
    at Object.callFn (D:\nodepj\eggpj\node_modules\@eggjs\router\lib\utils.js:12:21)
    at wrappedController (D:\nodepj\eggpj\node_modules\@eggjs\router\lib\egg_router.js:322:18)
    at dispatch (D:\nodepj\eggpj\node_modules\@eggjs\router\node_modules\koa-compose\index.js:44:32)
    at next (D:\nodepj\eggpj\node_modules\@eggjs\router\node_modules\koa-compose\index.js:45:18)
    at D:\nodepj\eggpj\node_modules\@eggjs\router\lib\router.js:186:18
    at dispatch (D:\nodepj\eggpj\node_modules\@eggjs\router\node_modules\koa-compose\index.js:44:32)
    at D:\nodepj\eggpj\node_modules\@eggjs\router\node_modules\koa-compose\index.js:36:12

pid: 26280
hostname: shenxi-wkpc

2024-08-20 16:36:59,099 ERROR 18532 [-/127.0.0.1/-/22ms POST /user/create] nodejs.TypeError: Cannot read properties of undefined (reading 'user')
    at UserController.create (D:\nodepj\eggpj\app\controller\user.js:13:38)
    at Object.callFn (D:\nodepj\eggpj\node_modules\egg-core\lib\utils\index.js:44:21)
    at Object.classControllerMiddleware (D:\nodepj\eggpj\node_modules\egg-core\lib\loader\mixin\controller.js:87:20)
    at Object.callFn (D:\nodepj\eggpj\node_modules\@eggjs\router\lib\utils.js:12:21)
    at wrappedController (D:\nodepj\eggpj\node_modules\@eggjs\router\lib\egg_router.js:322:18)
    at dispatch (D:\nodepj\eggpj\node_modules\@eggjs\router\node_modules\koa-compose\index.js:44:32)
    at next (D:\nodepj\eggpj\node_modules\@eggjs\router\node_modules\koa-compose\index.js:45:18)
    at D:\nodepj\eggpj\node_modules\@eggjs\router\lib\router.js:186:18
    at dispatch (D:\nodepj\eggpj\node_modules\@eggjs\router\node_modules\koa-compose\index.js:44:32)
    at D:\nodepj\eggpj\node_modules\@eggjs\router\node_modules\koa-compose\index.js:36:12

pid: 18532
hostname: shenxi-wkpc

2024-08-20 16:39:43,992 ERROR 17700 [-/127.0.0.1/-/22ms POST /user/create] nodejs.TypeError: Cannot read properties of undefined (reading 'user')
    at UserController.create (D:\nodepj\eggpj\app\controller\user.js:13:38)
    at Object.callFn (D:\nodepj\eggpj\node_modules\egg-core\lib\utils\index.js:44:21)
    at Object.classControllerMiddleware (D:\nodepj\eggpj\node_modules\egg-core\lib\loader\mixin\controller.js:87:20)
    at Object.callFn (D:\nodepj\eggpj\node_modules\@eggjs\router\lib\utils.js:12:21)
    at wrappedController (D:\nodepj\eggpj\node_modules\@eggjs\router\lib\egg_router.js:322:18)
    at dispatch (D:\nodepj\eggpj\node_modules\@eggjs\router\node_modules\koa-compose\index.js:44:32)
    at next (D:\nodepj\eggpj\node_modules\@eggjs\router\node_modules\koa-compose\index.js:45:18)
    at D:\nodepj\eggpj\node_modules\@eggjs\router\lib\router.js:186:18
    at dispatch (D:\nodepj\eggpj\node_modules\@eggjs\router\node_modules\koa-compose\index.js:44:32)
    at D:\nodepj\eggpj\node_modules\@eggjs\router\node_modules\koa-compose\index.js:36:12

pid: 17700
hostname: shenxi-wkpc

2024-08-20 16:51:52,779 ERROR 11744 [-/127.0.0.1/-/3ms GET /user/create?name=1&idcard=1] nodejs.TypeError: db.insert(...).into is not a function
    at UserService.create (D:\nodepj\eggpj\app\service\user.js:10:48)
    at UserController.create (D:\nodepj\eggpj\app\controller\user.js:16:40)
    at Object.callFn (D:\nodepj\eggpj\node_modules\egg-core\lib\utils\index.js:44:21)
    at Object.classControllerMiddleware (D:\nodepj\eggpj\node_modules\egg-core\lib\loader\mixin\controller.js:87:20)
    at Object.callFn (D:\nodepj\eggpj\node_modules\@eggjs\router\lib\utils.js:12:21)
    at wrappedController (D:\nodepj\eggpj\node_modules\@eggjs\router\lib\egg_router.js:322:18)
    at dispatch (D:\nodepj\eggpj\node_modules\@eggjs\router\node_modules\koa-compose\index.js:44:32)
    at next (D:\nodepj\eggpj\node_modules\@eggjs\router\node_modules\koa-compose\index.js:45:18)
    at D:\nodepj\eggpj\node_modules\@eggjs\router\lib\router.js:186:18
    at dispatch (D:\nodepj\eggpj\node_modules\@eggjs\router\node_modules\koa-compose\index.js:44:32)

pid: 11744
hostname: shenxi-wkpc

2024-08-20 16:51:52,810 ERROR 11744 [-/127.0.0.1/-/35ms GET /user/create?name=1&idcard=1] nodejs.TypeError: Cannot convert undefined or null to object
    at Function.keys (<anonymous>)
    at RDSClient.insert (D:\nodepj\eggpj\node_modules\ali-rds\lib\operator.js:145:37)
    at UserService.create (D:\nodepj\eggpj\app\service\user.js:10:33)
    at UserController.create (D:\nodepj\eggpj\app\controller\user.js:16:40)
    at Object.callFn (D:\nodepj\eggpj\node_modules\egg-core\lib\utils\index.js:44:21)
    at Object.classControllerMiddleware (D:\nodepj\eggpj\node_modules\egg-core\lib\loader\mixin\controller.js:87:20)
    at Object.callFn (D:\nodepj\eggpj\node_modules\@eggjs\router\lib\utils.js:12:21)
    at wrappedController (D:\nodepj\eggpj\node_modules\@eggjs\router\lib\egg_router.js:322:18)
    at dispatch (D:\nodepj\eggpj\node_modules\@eggjs\router\node_modules\koa-compose\index.js:44:32)
    at next (D:\nodepj\eggpj\node_modules\@eggjs\router\node_modules\koa-compose\index.js:45:18)

pid: 11744
hostname: shenxi-wkpc

2024-08-20 16:52:02,067 ERROR 11744 [-/127.0.0.1/-/13ms POST /user/create] nodejs.TypeError: db.insert(...).into is not a function
    at UserService.create (D:\nodepj\eggpj\app\service\user.js:10:48)
    at UserController.create (D:\nodepj\eggpj\app\controller\user.js:16:40)
    at Object.callFn (D:\nodepj\eggpj\node_modules\egg-core\lib\utils\index.js:44:21)
    at Object.classControllerMiddleware (D:\nodepj\eggpj\node_modules\egg-core\lib\loader\mixin\controller.js:87:20)
    at Object.callFn (D:\nodepj\eggpj\node_modules\@eggjs\router\lib\utils.js:12:21)
    at wrappedController (D:\nodepj\eggpj\node_modules\@eggjs\router\lib\egg_router.js:322:18)
    at dispatch (D:\nodepj\eggpj\node_modules\@eggjs\router\node_modules\koa-compose\index.js:44:32)
    at next (D:\nodepj\eggpj\node_modules\@eggjs\router\node_modules\koa-compose\index.js:45:18)
    at D:\nodepj\eggpj\node_modules\@eggjs\router\lib\router.js:186:18
    at dispatch (D:\nodepj\eggpj\node_modules\@eggjs\router\node_modules\koa-compose\index.js:44:32)

pid: 11744
hostname: shenxi-wkpc

2024-08-20 16:52:02,076 ERROR 11744 [-/127.0.0.1/-/22ms POST /user/create] nodejs.TypeError: Cannot convert undefined or null to object
    at Function.keys (<anonymous>)
    at RDSClient.insert (D:\nodepj\eggpj\node_modules\ali-rds\lib\operator.js:145:37)
    at UserService.create (D:\nodepj\eggpj\app\service\user.js:10:33)
    at UserController.create (D:\nodepj\eggpj\app\controller\user.js:16:40)
    at Object.callFn (D:\nodepj\eggpj\node_modules\egg-core\lib\utils\index.js:44:21)
    at Object.classControllerMiddleware (D:\nodepj\eggpj\node_modules\egg-core\lib\loader\mixin\controller.js:87:20)
    at Object.callFn (D:\nodepj\eggpj\node_modules\@eggjs\router\lib\utils.js:12:21)
    at wrappedController (D:\nodepj\eggpj\node_modules\@eggjs\router\lib\egg_router.js:322:18)
    at dispatch (D:\nodepj\eggpj\node_modules\@eggjs\router\node_modules\koa-compose\index.js:44:32)
    at next (D:\nodepj\eggpj\node_modules\@eggjs\router\node_modules\koa-compose\index.js:45:18)

pid: 11744
hostname: shenxi-wkpc

2024-08-20 16:54:53,953 ERROR 10460 [-/127.0.0.1/-/19ms POST /user/create] nodejs.TypeError: db.insert(...).into is not a function
    at UserService.create (D:\nodepj\eggpj\app\service\user.js:10:46)
    at UserController.create (D:\nodepj\eggpj\app\controller\user.js:16:40)
    at Object.callFn (D:\nodepj\eggpj\node_modules\egg-core\lib\utils\index.js:44:21)
    at Object.classControllerMiddleware (D:\nodepj\eggpj\node_modules\egg-core\lib\loader\mixin\controller.js:87:20)
    at Object.callFn (D:\nodepj\eggpj\node_modules\@eggjs\router\lib\utils.js:12:21)
    at wrappedController (D:\nodepj\eggpj\node_modules\@eggjs\router\lib\egg_router.js:322:18)
    at dispatch (D:\nodepj\eggpj\node_modules\@eggjs\router\node_modules\koa-compose\index.js:44:32)
    at next (D:\nodepj\eggpj\node_modules\@eggjs\router\node_modules\koa-compose\index.js:45:18)
    at D:\nodepj\eggpj\node_modules\@eggjs\router\lib\router.js:186:18
    at dispatch (D:\nodepj\eggpj\node_modules\@eggjs\router\node_modules\koa-compose\index.js:44:32)

pid: 10460
hostname: shenxi-wkpc

2024-08-20 16:54:53,986 ERROR 10460 [-/127.0.0.1/-/52ms POST /user/create] nodejs.TypeError: Cannot convert undefined or null to object
    at Function.keys (<anonymous>)
    at RDSClient.insert (D:\nodepj\eggpj\node_modules\ali-rds\lib\operator.js:145:37)
    at UserService.create (D:\nodepj\eggpj\app\service\user.js:10:31)
    at UserController.create (D:\nodepj\eggpj\app\controller\user.js:16:40)
    at Object.callFn (D:\nodepj\eggpj\node_modules\egg-core\lib\utils\index.js:44:21)
    at Object.classControllerMiddleware (D:\nodepj\eggpj\node_modules\egg-core\lib\loader\mixin\controller.js:87:20)
    at Object.callFn (D:\nodepj\eggpj\node_modules\@eggjs\router\lib\utils.js:12:21)
    at wrappedController (D:\nodepj\eggpj\node_modules\@eggjs\router\lib\egg_router.js:322:18)
    at dispatch (D:\nodepj\eggpj\node_modules\@eggjs\router\node_modules\koa-compose\index.js:44:32)
    at next (D:\nodepj\eggpj\node_modules\@eggjs\router\node_modules\koa-compose\index.js:45:18)

pid: 10460
hostname: shenxi-wkpc

2024-08-20 16:55:10,452 ERROR 26184 [-/127.0.0.1/-/19ms POST /user/create] nodejs.TypeError: db.insert(...).into is not a function
    at UserService.create (D:\nodepj\eggpj\app\service\user.js:10:49)
    at UserController.create (D:\nodepj\eggpj\app\controller\user.js:16:40)
    at Object.callFn (D:\nodepj\eggpj\node_modules\egg-core\lib\utils\index.js:44:21)
    at Object.classControllerMiddleware (D:\nodepj\eggpj\node_modules\egg-core\lib\loader\mixin\controller.js:87:20)
    at Object.callFn (D:\nodepj\eggpj\node_modules\@eggjs\router\lib\utils.js:12:21)
    at wrappedController (D:\nodepj\eggpj\node_modules\@eggjs\router\lib\egg_router.js:322:18)
    at dispatch (D:\nodepj\eggpj\node_modules\@eggjs\router\node_modules\koa-compose\index.js:44:32)
    at next (D:\nodepj\eggpj\node_modules\@eggjs\router\node_modules\koa-compose\index.js:45:18)
    at D:\nodepj\eggpj\node_modules\@eggjs\router\lib\router.js:186:18
    at dispatch (D:\nodepj\eggpj\node_modules\@eggjs\router\node_modules\koa-compose\index.js:44:32)

pid: 26184
hostname: shenxi-wkpc

2024-08-20 16:55:10,484 ERROR 26184 [-/127.0.0.1/-/52ms POST /user/create] nodejs.TypeError: Cannot convert undefined or null to object
    at Function.keys (<anonymous>)
    at RDSClient.insert (D:\nodepj\eggpj\node_modules\ali-rds\lib\operator.js:145:37)
    at UserService.create (D:\nodepj\eggpj\app\service\user.js:10:31)
    at UserController.create (D:\nodepj\eggpj\app\controller\user.js:16:40)
    at Object.callFn (D:\nodepj\eggpj\node_modules\egg-core\lib\utils\index.js:44:21)
    at Object.classControllerMiddleware (D:\nodepj\eggpj\node_modules\egg-core\lib\loader\mixin\controller.js:87:20)
    at Object.callFn (D:\nodepj\eggpj\node_modules\@eggjs\router\lib\utils.js:12:21)
    at wrappedController (D:\nodepj\eggpj\node_modules\@eggjs\router\lib\egg_router.js:322:18)
    at dispatch (D:\nodepj\eggpj\node_modules\@eggjs\router\node_modules\koa-compose\index.js:44:32)
    at next (D:\nodepj\eggpj\node_modules\@eggjs\router\node_modules\koa-compose\index.js:45:18)

pid: 26184
hostname: shenxi-wkpc

